<?xml version="1.0" encoding="UTF-8"?>
<!-- Generated by org.testng.reporters.JUnitReportReporter -->
<testsuite hostname="ME-LT4-DEV" failures="0" tests="2" name="DemoReports" time="5.886" errors="0" timestamp="2022-08-02T18:15:08 IST" skipped="0">
  <testcase classname="DemoReports" name="extentReportsDemoForG" time="1.123"/>
  <system-out/>
  <testcase classname="DemoReports" name="extentReportsDemo" time="4.763"/>
  <system-out/>
</testsuite> <!-- DemoReports -->
